<?xml version="1.0" encoding="UTF-8"?>
<!-- Generated by org.testng.reporters.JUnitXMLReporter -->
<testsuite ignored="0" hostname="LAPTOP-1SJ5V4HC" failures="0" tests="7" name="Test" time="80.881" errors="0" timestamp="24 Jan 2022 21:33:37 GMT">
  <testcase classname="moneyfyTest.Add_Income_Expense_test" name="launchApp" time="5.14"/>
  <testcase classname="moneyfyTest.Add_Income_Expense_test" name="addIncome" time="9.377"/>
  <testcase classname="moneyfyTest.Add_Income_Expense_test" name="addIncome" time="7.88"/>
  <testcase classname="moneyfyTest.Add_Income_Expense_test" name="addIncome" time="8.025"/>
  <testcase classname="moneyfyTest.Add_Income_Expense_test" name="addIncome" time="7.542"/>
  <testcase classname="moneyfyTest.Add_Income_Expense_test" name="addIncome" time="24.313"/>
  <testcase classname="moneyfyTest.Add_Income_Expense_test" name="addIncome" time="8.677"/>
</testsuite> <!-- Test -->
